c:\users\tomgr\onedrive - sheffield hallam university\documents\modules\c, c++\cipherclass\x64\debug\vc143.pdb
c:\users\tomgr\onedrive - sheffield hallam university\documents\modules\c, c++\cipherclass\x64\debug\vc143.idb
c:\users\tomgr\onedrive - sheffield hallam university\documents\modules\c, c++\cipherclass\x64\debug\cipher.obj
c:\users\tomgr\onedrive - sheffield hallam university\documents\modules\c, c++\cipherclass\x64\debug\vigenere.obj
c:\users\tomgr\onedrive - sheffield hallam university\documents\modules\c, c++\cipherclass\x64\debug\caesar.obj
c:\users\tomgr\onedrive - sheffield hallam university\documents\modules\c, c++\cipherclass\x64\debug\main.obj
c:\users\tomgr\onedrive - sheffield hallam university\documents\modules\c, c++\cipherclass\x64\debug\cipherclass.pdb
c:\users\tomgr\onedrive - sheffield hallam university\documents\modules\c, c++\cipherclass\x64\debug\caesar.nativecodeanalysis.xml
c:\users\tomgr\onedrive - sheffield hallam university\documents\modules\c, c++\cipherclass\x64\debug\cipher.nativecodeanalysis.xml
c:\users\tomgr\onedrive - sheffield hallam university\documents\modules\c, c++\cipherclass\x64\debug\cipherclass.tlog\cl.command.1.tlog
c:\users\tomgr\onedrive - sheffield hallam university\documents\modules\c, c++\cipherclass\x64\debug\cipherclass.tlog\cl.read.1.tlog
c:\users\tomgr\onedrive - sheffield hallam university\documents\modules\c, c++\cipherclass\x64\debug\cipherclass.tlog\cl.write.1.tlog
c:\users\tomgr\onedrive - sheffield hallam university\documents\modules\c, c++\cipherclass\x64\debug\cipherclass.tlog\link-cvtres.read.1.tlog
c:\users\tomgr\onedrive - sheffield hallam university\documents\modules\c, c++\cipherclass\x64\debug\cipherclass.tlog\link-cvtres.write.1.tlog
c:\users\tomgr\onedrive - sheffield hallam university\documents\modules\c, c++\cipherclass\x64\debug\cipherclass.tlog\link-rc.read.1.tlog
c:\users\tomgr\onedrive - sheffield hallam university\documents\modules\c, c++\cipherclass\x64\debug\cipherclass.tlog\link-rc.write.1.tlog
c:\users\tomgr\onedrive - sheffield hallam university\documents\modules\c, c++\cipherclass\x64\debug\cipherclass.tlog\link.command.1.tlog
c:\users\tomgr\onedrive - sheffield hallam university\documents\modules\c, c++\cipherclass\x64\debug\cipherclass.tlog\link.read.1.tlog
c:\users\tomgr\onedrive - sheffield hallam university\documents\modules\c, c++\cipherclass\x64\debug\cipherclass.tlog\link.read.2.tlog
c:\users\tomgr\onedrive - sheffield hallam university\documents\modules\c, c++\cipherclass\x64\debug\cipherclass.tlog\link.read.3.tlog
c:\users\tomgr\onedrive - sheffield hallam university\documents\modules\c, c++\cipherclass\x64\debug\cipherclass.tlog\link.read.4.tlog
c:\users\tomgr\onedrive - sheffield hallam university\documents\modules\c, c++\cipherclass\x64\debug\cipherclass.tlog\link.write.1.tlog
